DEBUG [ACTIVE] ExecuteThread: '4' for queue: 'weblogic.kernel.Default (self-tuning)' corp.sod.odbms.Ordencompra.sp_b2b_consultaoc.obtener.model.dao.OdbmsOrdenCompraSP_B2B_CONSULTAOCObtenerDAOBean - [[DEBUG]] --> Thread ID: 36 -  PARAMETROS ENTRADA SP
DEBUG [ACTIVE] ExecuteThread: '4' for queue: 'weblogic.kernel.Default (self-tuning)' corp.sod.odbms.Ordencompra.sp_b2b_consultaoc.obtener.model.dao.OdbmsOrdenCompraSP_B2B_CONSULTAOCObtenerDAOBean - [[DEBUG]] --> Thread ID: 36 -  PAIS: CL
DEBUG [ACTIVE] ExecuteThread: '4' for queue: 'weblogic.kernel.Default (self-tuning)' corp.sod.odbms.Ordencompra.sp_b2b_consultaoc.obtener.model.dao.OdbmsOrdenCompraSP_B2B_CONSULTAOCObtenerDAOBean - [[DEBUG]] --> Thread ID: 36 -  SUCURSAL: StringValue
DEBUG [ACTIVE] ExecuteThread: '4' for queue: 'weblogic.kernel.Default (self-tuning)' corp.sod.odbms.Ordencompra.sp_b2b_consultaoc.obtener.model.dao.OdbmsOrdenCompraSP_B2B_CONSULTAOCObtenerDAOBean - [[DEBUG]] --> Thread ID: 36 -  NUMEROOC: string
DEBUG [ACTIVE] ExecuteThread: '4' for queue: 'weblogic.kernel.Default (self-tuning)' corp.sod.odbms.Ordencompra.sp_b2b_consultaoc.obtener.model.dao.OdbmsOrdenCompraSP_B2B_CONSULTAOCObtenerDAOBean - [[DEBUG]] --> Thread ID: 36 -  IN_PROCESS_LOW: T
DEBUG [ACTIVE] ExecuteThread: '4' for queue: 'weblogic.kernel.Default (self-tuning)' corp.sod.odbms.Ordencompra.sp_b2b_consultaoc.obtener.model.dao.OdbmsOrdenCompraSP_B2B_CONSULTAOCObtenerDAOBean - [[DEBUG]] -->  Thread ID: 36 -  RESPUESTA BACKEND
DEBUG [ACTIVE] ExecuteThread: '4' for queue: 'weblogic.kernel.Default (self-tuning)' corp.sod.odbms.Ordencompra.sp_b2b_consultaoc.obtener.model.dao.OdbmsOrdenCompraSP_B2B_CONSULTAOCObtenerDAOBean - [[DEBUG]] -->  Thread ID: 36 -  RESPUESTA CONSULTA:
DEBUG [ACTIVE] ExecuteThread: '4' for queue: 'weblogic.kernel.Default (self-tuning)' corp.sod.odbms.Ordencompra.sp_b2b_consultaoc.obtener.model.dao.OdbmsOrdenCompraSP_B2B_CONSULTAOCObtenerDAOBean - [[DEBUG]] -->  Thread ID: 36 - Pais: response
DEBUG [ACTIVE] ExecuteThread: '4' for queue: 'weblogic.kernel.Default (self-tuning)' corp.sod.odbms.Ordencompra.sp_b2b_consultaoc.obtener.model.dao.OdbmsOrdenCompraSP_B2B_CONSULTAOCObtenerDAOBean - [[DEBUG]] -->  Thread ID: 36 - Sucursal: sucursal
DEBUG [ACTIVE] ExecuteThread: '4' for queue: 'weblogic.kernel.Default (self-tuning)' corp.sod.odbms.Ordencompra.sp_b2b_consultaoc.obtener.model.dao.OdbmsOrdenCompraSP_B2B_CONSULTAOCObtenerDAOBean - [[DEBUG]] -->  Thread ID: 36 - NumeroOC: 1
DEBUG [ACTIVE] ExecuteThread: '4' for queue: 'weblogic.kernel.Default (self-tuning)' corp.sod.odbms.Ordencompra.sp_b2b_consultaoc.obtener.model.dao.OdbmsOrdenCompraSP_B2B_CONSULTAOCObtenerDAOBean - [[DEBUG]] -->  Thread ID: 36 - NumeroOV: 1
DEBUG [ACTIVE] ExecuteThread: '4' for queue: 'weblogic.kernel.Default (self-tuning)' corp.sod.odbms.Ordencompra.sp_b2b_consultaoc.obtener.model.dao.OdbmsOrdenCompraSP_B2B_CONSULTAOCObtenerDAOBean - [[DEBUG]] -->  Thread ID: 36 - CodigoError: 1
DEBUG [ACTIVE] ExecuteThread: '4' for queue: 'weblogic.kernel.Default (self-tuning)' corp.sod.odbms.Ordencompra.sp_b2b_consultaoc.obtener.model.dao.OdbmsOrdenCompraSP_B2B_CONSULTAOCObtenerDAOBean - [[DEBUG]] -->  Thread ID: 36 - MensajeError: mensaje
DEBUG [ACTIVE] ExecuteThread: '4' for queue: 'weblogic.kernel.Default (self-tuning)' corp.sod.odbms.Ordencompra.sp_b2b_consultaoc.obtener.model.dao.OdbmsOrdenCompraSP_B2B_CONSULTAOCObtenerDAOBean - [[DEBUG]] -->  Thread ID: 36 - Finalizado cierre de conexion DAO
DEBUG [ACTIVE] ExecuteThread: '4' for queue: 'weblogic.kernel.Default (self-tuning)' corp.sod.odbms.Ordencompra.sp_b2b_consultaoc.obtener.model.dao.OdbmsOrdenCompraSP_B2B_CONSULTAOCObtenerDAOBean - [[DEBUG]] -->  Thread ID: 36 - Finalizada Ejecución de DAO
DEBUG [ACTIVE] ExecuteThread: '4' for queue: 'weblogic.kernel.Default (self-tuning)' corp.sod.odbms.Ordencompra.sp_b2b_consultaoc.obtener.model.ws.OdbmsOrdenCompraSPB2BCONSULTAOCObtenerPtImpl - [[DEBUG]] --> Finalizando Facade
DEBUG [ACTIVE] ExecuteThread: '8' for queue: 'weblogic.kernel.Default (self-tuning)' corp.sod.odbms.Ordencompra.sp_b2b_consultaoc.obtener.model.ws.OdbmsOrdenCompraSPB2BCONSULTAOCObtenerPtImpl - [[DEBUG]] --> Thread ID: 88 - Iniciando Facade
DEBUG [ACTIVE] ExecuteThread: '8' for queue: 'weblogic.kernel.Default (self-tuning)' corp.sod.odbms.Ordencompra.sp_b2b_consultaoc.obtener.model.dao.OdbmsOrdenCompraSP_B2B_CONSULTAOCObtenerDAOBean - [[DEBUG]] --> Thread ID: 88 - Iniciando DAO
ERROR [ACTIVE] ExecuteThread: '8' for queue: 'weblogic.kernel.Default (self-tuning)' corp.sod.odbms.Ordencompra.sp_b2b_consultaoc.obtener.model.dao.OdbmsOrdenCompraSP_B2B_CONSULTAOCObtenerDAOBean - [[ERROR]] -->  Thread ID: 88 - Exception: Error en properties, verificar configuracion - corp.sod.odbms.Ordencompra.sp_b2b_consultaoc.obtener.sp.param.datasource.AR
DEBUG [ACTIVE] ExecuteThread: '8' for queue: 'weblogic.kernel.Default (self-tuning)' corp.sod.odbms.Ordencompra.sp_b2b_consultaoc.obtener.model.dao.OdbmsOrdenCompraSP_B2B_CONSULTAOCObtenerDAOBean - [[DEBUG]] -->  Thread ID: 88 - Finalizado cierre de conexion DAO
DEBUG [ACTIVE] ExecuteThread: '8' for queue: 'weblogic.kernel.Default (self-tuning)' corp.sod.odbms.Ordencompra.sp_b2b_consultaoc.obtener.model.dao.OdbmsOrdenCompraSP_B2B_CONSULTAOCObtenerDAOBean - [[DEBUG]] -->  Thread ID: 88 - Finalizada Ejecución de DAO
ERROR [ACTIVE] ExecuteThread: '8' for queue: 'weblogic.kernel.Default (self-tuning)' corp.sod.odbms.Ordencompra.sp_b2b_consultaoc.obtener.model.ws.OdbmsOrdenCompraSPB2BCONSULTAOCObtenerPtImpl - [[ERROR]] -->Error en properties, verificar configuracion - corp.sod.odbms.Ordencompra.sp_b2b_consultaoc.obtener.sp.param.datasource.AR
DEBUG [ACTIVE] ExecuteThread: '8' for queue: 'weblogic.kernel.Default (self-tuning)' corp.sod.odbms.Ordencompra.sp_b2b_consultaoc.obtener.model.ws.OdbmsOrdenCompraSPB2BCONSULTAOCObtenerPtImpl - [[DEBUG]] --> Finalizando Facade
DEBUG [ACTIVE] ExecuteThread: '4' for queue: 'weblogic.kernel.Default (self-tuning)' corp.sod.odbms.Ordencompra.sp_b2b_consultaoc.obtener.model.ws.OdbmsOrdenCompraSPB2BCONSULTAOCObtenerPtImpl - [[DEBUG]] --> Thread ID: 36 - Iniciando Facade
DEBUG [ACTIVE] ExecuteThread: '4' for queue: 'weblogic.kernel.Default (self-tuning)' corp.sod.odbms.Ordencompra.sp_b2b_consultaoc.obtener.model.dao.OdbmsOrdenCompraSP_B2B_CONSULTAOCObtenerDAOBean - [[DEBUG]] --> Thread ID: 36 - Iniciando DAO
DEBUG [ACTIVE] ExecuteThread: '4' for queue: 'weblogic.kernel.Default (self-tuning)' corp.sod.odbms.Ordencompra.sp_b2b_consultaoc.obtener.model.dao.OdbmsOrdenCompraSP_B2B_CONSULTAOCObtenerDAOBean - [[DEBUG]] --> Thread ID: 36 - RUTA DATASOURCE: corp.sod.odbms.Ordencompra.sp_b2b_consultaoc.obtener.sp.param.datasource.CL
DEBUG [ACTIVE] ExecuteThread: '4' for queue: 'weblogic.kernel.Default (self-tuning)' corp.sod.odbms.Ordencompra.sp_b2b_consultaoc.obtener.model.dao.OdbmsOrdenCompraSP_B2B_CONSULTAOCObtenerDAOBean - [[DEBUG]] --> Thread ID: 36 - DATASOURCE: DS/TPD_CL_RTL_DESA1
DEBUG [ACTIVE] ExecuteThread: '4' for queue: 'weblogic.kernel.Default (self-tuning)' corp.sod.odbms.Ordencompra.sp_b2b_consultaoc.obtener.model.dao.OdbmsOrdenCompraSP_B2B_CONSULTAOCObtenerDAOBean - [[DEBUG]] --> Thread ID: 36 - RUTA SP : corp.sod.odbms.Ordencompra.sp_b2b_consultaoc.obtener.sp.param.spname.CL
DEBUG [ACTIVE] ExecuteThread: '4' for queue: 'weblogic.kernel.Default (self-tuning)' corp.sod.odbms.Ordencompra.sp_b2b_consultaoc.obtener.model.dao.OdbmsOrdenCompraSP_B2B_CONSULTAOCObtenerDAOBean - [[DEBUG]] --> Thread ID: 36 - SP : {call SP_B2B_CONSULTAOC(?,?,?,?,?,?,?,?,?,?)}
DEBUG [ACTIVE] ExecuteThread: '4' for queue: 'weblogic.kernel.Default (self-tuning)' corp.sod.odbms.Ordencompra.sp_b2b_consultaoc.obtener.model.dao.OdbmsOrdenCompraSP_B2B_CONSULTAOCObtenerDAOBean - [[DEBUG]] --> Thread ID: 36 -  PARAMETROS ENTRADA SP
DEBUG [ACTIVE] ExecuteThread: '4' for queue: 'weblogic.kernel.Default (self-tuning)' corp.sod.odbms.Ordencompra.sp_b2b_consultaoc.obtener.model.dao.OdbmsOrdenCompraSP_B2B_CONSULTAOCObtenerDAOBean - [[DEBUG]] --> Thread ID: 36 -  PAIS: CL
DEBUG [ACTIVE] ExecuteThread: '4' for queue: 'weblogic.kernel.Default (self-tuning)' corp.sod.odbms.Ordencompra.sp_b2b_consultaoc.obtener.model.dao.OdbmsOrdenCompraSP_B2B_CONSULTAOCObtenerDAOBean - [[DEBUG]] --> Thread ID: 36 -  SUCURSAL: StringValue
DEBUG [ACTIVE] ExecuteThread: '4' for queue: 'weblogic.kernel.Default (self-tuning)' corp.sod.odbms.Ordencompra.sp_b2b_consultaoc.obtener.model.dao.OdbmsOrdenCompraSP_B2B_CONSULTAOCObtenerDAOBean - [[DEBUG]] --> Thread ID: 36 -  NUMEROOC: string
DEBUG [ACTIVE] ExecuteThread: '4' for queue: 'weblogic.kernel.Default (self-tuning)' corp.sod.odbms.Ordencompra.sp_b2b_consultaoc.obtener.model.dao.OdbmsOrdenCompraSP_B2B_CONSULTAOCObtenerDAOBean - [[DEBUG]] --> Thread ID: 36 -  IN_PROCESS_LOW: T
DEBUG [ACTIVE] ExecuteThread: '4' for queue: 'weblogic.kernel.Default (self-tuning)' corp.sod.odbms.Ordencompra.sp_b2b_consultaoc.obtener.model.dao.OdbmsOrdenCompraSP_B2B_CONSULTAOCObtenerDAOBean - [[DEBUG]] -->  Thread ID: 36 -  RESPUESTA BACKEND
DEBUG [ACTIVE] ExecuteThread: '4' for queue: 'weblogic.kernel.Default (self-tuning)' corp.sod.odbms.Ordencompra.sp_b2b_consultaoc.obtener.model.dao.OdbmsOrdenCompraSP_B2B_CONSULTAOCObtenerDAOBean - [[DEBUG]] -->  Thread ID: 36 -  RESPUESTA CONSULTA:
DEBUG [ACTIVE] ExecuteThread: '4' for queue: 'weblogic.kernel.Default (self-tuning)' corp.sod.odbms.Ordencompra.sp_b2b_consultaoc.obtener.model.dao.OdbmsOrdenCompraSP_B2B_CONSULTAOCObtenerDAOBean - [[DEBUG]] -->  Thread ID: 36 - Pais: response
DEBUG [ACTIVE] ExecuteThread: '4' for queue: 'weblogic.kernel.Default (self-tuning)' corp.sod.odbms.Ordencompra.sp_b2b_consultaoc.obtener.model.dao.OdbmsOrdenCompraSP_B2B_CONSULTAOCObtenerDAOBean - [[DEBUG]] -->  Thread ID: 36 - Sucursal: sucursal
DEBUG [ACTIVE] ExecuteThread: '4' for queue: 'weblogic.kernel.Default (self-tuning)' corp.sod.odbms.Ordencompra.sp_b2b_consultaoc.obtener.model.dao.OdbmsOrdenCompraSP_B2B_CONSULTAOCObtenerDAOBean - [[DEBUG]] -->  Thread ID: 36 - NumeroOC: 1
DEBUG [ACTIVE] ExecuteThread: '4' for queue: 'weblogic.kernel.Default (self-tuning)' corp.sod.odbms.Ordencompra.sp_b2b_consultaoc.obtener.model.dao.OdbmsOrdenCompraSP_B2B_CONSULTAOCObtenerDAOBean - [[DEBUG]] -->  Thread ID: 36 - NumeroOV: 1
DEBUG [ACTIVE] ExecuteThread: '4' for queue: 'weblogic.kernel.Default (self-tuning)' corp.sod.odbms.Ordencompra.sp_b2b_consultaoc.obtener.model.dao.OdbmsOrdenCompraSP_B2B_CONSULTAOCObtenerDAOBean - [[DEBUG]] -->  Thread ID: 36 - CodigoError: 0
DEBUG [ACTIVE] ExecuteThread: '4' for queue: 'weblogic.kernel.Default (self-tuning)' corp.sod.odbms.Ordencompra.sp_b2b_consultaoc.obtener.model.dao.OdbmsOrdenCompraSP_B2B_CONSULTAOCObtenerDAOBean - [[DEBUG]] -->  Thread ID: 36 - MensajeError: mensaje
DEBUG [ACTIVE] ExecuteThread: '4' for queue: 'weblogic.kernel.Default (self-tuning)' corp.sod.odbms.Ordencompra.sp_b2b_consultaoc.obtener.model.dao.OdbmsOrdenCompraSP_B2B_CONSULTAOCObtenerDAOBean - [[DEBUG]] -->  Thread ID: 36 - Finalizado cierre de conexion DAO
DEBUG [ACTIVE] ExecuteThread: '4' for queue: 'weblogic.kernel.Default (self-tuning)' corp.sod.odbms.Ordencompra.sp_b2b_consultaoc.obtener.model.dao.OdbmsOrdenCompraSP_B2B_CONSULTAOCObtenerDAOBean - [[DEBUG]] -->  Thread ID: 36 - Finalizada Ejecución de DAO
DEBUG [ACTIVE] ExecuteThread: '4' for queue: 'weblogic.kernel.Default (self-tuning)' corp.sod.odbms.Ordencompra.sp_b2b_consultaoc.obtener.model.ws.OdbmsOrdenCompraSPB2BCONSULTAOCObtenerPtImpl - [[DEBUG]] --> Finalizando Facade
DEBUG [ACTIVE] ExecuteThread: '47' for queue: 'weblogic.kernel.Default (self-tuning)' corp.sod.odbms.Ordencompra.sp_b2b_consultaoc.obtener.model.ws.OdbmsOrdenCompraSPB2BCONSULTAOCObtenerPtImpl - [[DEBUG]] --> Thread ID: 129 - Iniciando Facade
DEBUG [ACTIVE] ExecuteThread: '47' for queue: 'weblogic.kernel.Default (self-tuning)' corp.sod.odbms.Ordencompra.sp_b2b_consultaoc.obtener.model.dao.OdbmsOrdenCompraSP_B2B_CONSULTAOCObtenerDAOBean - [[DEBUG]] --> Thread ID: 129 - Iniciando DAO
DEBUG [ACTIVE] ExecuteThread: '47' for queue: 'weblogic.kernel.Default (self-tuning)' corp.sod.odbms.Ordencompra.sp_b2b_consultaoc.obtener.model.dao.OdbmsOrdenCompraSP_B2B_CONSULTAOCObtenerDAOBean - [[DEBUG]] --> Thread ID: 129 - RUTA DATASOURCE: corp.sod.odbms.Ordencompra.sp_b2b_consultaoc.obtener.sp.param.datasource.CL
DEBUG [ACTIVE] ExecuteThread: '47' for queue: 'weblogic.kernel.Default (self-tuning)' corp.sod.odbms.Ordencompra.sp_b2b_consultaoc.obtener.model.dao.OdbmsOrdenCompraSP_B2B_CONSULTAOCObtenerDAOBean - [[DEBUG]] --> Thread ID: 129 - DATASOURCE: DS/TPD_CL_RTL_DESA1
DEBUG [ACTIVE] ExecuteThread: '47' for queue: 'weblogic.kernel.Default (self-tuning)' corp.sod.odbms.Ordencompra.sp_b2b_consultaoc.obtener.model.dao.OdbmsOrdenCompraSP_B2B_CONSULTAOCObtenerDAOBean - [[DEBUG]] --> Thread ID: 129 - RUTA SP : corp.sod.odbms.Ordencompra.sp_b2b_consultaoc.obtener.sp.param.spname.CL
DEBUG [ACTIVE] ExecuteThread: '47' for queue: 'weblogic.kernel.Default (self-tuning)' corp.sod.odbms.Ordencompra.sp_b2b_consultaoc.obtener.model.dao.OdbmsOrdenCompraSP_B2B_CONSULTAOCObtenerDAOBean - [[DEBUG]] --> Thread ID: 129 - SP : {call SP_B2B_CONSULTAOC(?,?,?,?,?,?,?,?,?,?)}
DEBUG [ACTIVE] ExecuteThread: '47' for queue: 'weblogic.kernel.Default (self-tuning)' corp.sod.odbms.Ordencompra.sp_b2b_consultaoc.obtener.model.dao.OdbmsOrdenCompraSP_B2B_CONSULTAOCObtenerDAOBean - [[DEBUG]] --> Thread ID: 129 -  PARAMETROS ENTRADA SP
DEBUG [ACTIVE] ExecuteThread: '47' for queue: 'weblogic.kernel.Default (self-tuning)' corp.sod.odbms.Ordencompra.sp_b2b_consultaoc.obtener.model.dao.OdbmsOrdenCompraSP_B2B_CONSULTAOCObtenerDAOBean - [[DEBUG]] --> Thread ID: 129 -  PAIS: CL
DEBUG [ACTIVE] ExecuteThread: '47' for queue: 'weblogic.kernel.Default (self-tuning)' corp.sod.odbms.Ordencompra.sp_b2b_consultaoc.obtener.model.dao.OdbmsOrdenCompraSP_B2B_CONSULTAOCObtenerDAOBean - [[DEBUG]] --> Thread ID: 129 -  SUCURSAL: StringValue
DEBUG [ACTIVE] ExecuteThread: '47' for queue: 'weblogic.kernel.Default (self-tuning)' corp.sod.odbms.Ordencompra.sp_b2b_consultaoc.obtener.model.dao.OdbmsOrdenCompraSP_B2B_CONSULTAOCObtenerDAOBean - [[DEBUG]] --> Thread ID: 129 -  NUMEROOC: string
DEBUG [ACTIVE] ExecuteThread: '47' for queue: 'weblogic.kernel.Default (self-tuning)' corp.sod.odbms.Ordencompra.sp_b2b_consultaoc.obtener.model.dao.OdbmsOrdenCompraSP_B2B_CONSULTAOCObtenerDAOBean - [[DEBUG]] --> Thread ID: 129 -  IN_PROCESS_LOW: T
DEBUG [ACTIVE] ExecuteThread: '47' for queue: 'weblogic.kernel.Default (self-tuning)' corp.sod.odbms.Ordencompra.sp_b2b_consultaoc.obtener.model.dao.OdbmsOrdenCompraSP_B2B_CONSULTAOCObtenerDAOBean - [[DEBUG]] -->  Thread ID: 129 -  RESPUESTA BACKEND
DEBUG [ACTIVE] ExecuteThread: '47' for queue: 'weblogic.kernel.Default (self-tuning)' corp.sod.odbms.Ordencompra.sp_b2b_consultaoc.obtener.model.dao.OdbmsOrdenCompraSP_B2B_CONSULTAOCObtenerDAOBean - [[DEBUG]] -->  Thread ID: 129 -  RESPUESTA CONSULTA:
DEBUG [ACTIVE] ExecuteThread: '47' for queue: 'weblogic.kernel.Default (self-tuning)' corp.sod.odbms.Ordencompra.sp_b2b_consultaoc.obtener.model.dao.OdbmsOrdenCompraSP_B2B_CONSULTAOCObtenerDAOBean - [[DEBUG]] -->  Thread ID: 129 - Pais: response
DEBUG [ACTIVE] ExecuteThread: '47' for queue: 'weblogic.kernel.Default (self-tuning)' corp.sod.odbms.Ordencompra.sp_b2b_consultaoc.obtener.model.dao.OdbmsOrdenCompraSP_B2B_CONSULTAOCObtenerDAOBean - [[DEBUG]] -->  Thread ID: 129 - Sucursal: sucursal
DEBUG [ACTIVE] ExecuteThread: '47' for queue: 'weblogic.kernel.Default (self-tuning)' corp.sod.odbms.Ordencompra.sp_b2b_consultaoc.obtener.model.dao.OdbmsOrdenCompraSP_B2B_CONSULTAOCObtenerDAOBean - [[DEBUG]] -->  Thread ID: 129 - NumeroOC: 1
DEBUG [ACTIVE] ExecuteThread: '47' for queue: 'weblogic.kernel.Default (self-tuning)' corp.sod.odbms.Ordencompra.sp_b2b_consultaoc.obtener.model.dao.OdbmsOrdenCompraSP_B2B_CONSULTAOCObtenerDAOBean - [[DEBUG]] -->  Thread ID: 129 - NumeroOV: 1
DEBUG [ACTIVE] ExecuteThread: '47' for queue: 'weblogic.kernel.Default (self-tuning)' corp.sod.odbms.Ordencompra.sp_b2b_consultaoc.obtener.model.dao.OdbmsOrdenCompraSP_B2B_CONSULTAOCObtenerDAOBean - [[DEBUG]] -->  Thread ID: 129 - CodigoError: 0
DEBUG [ACTIVE] ExecuteThread: '47' for queue: 'weblogic.kernel.Default (self-tuning)' corp.sod.odbms.Ordencompra.sp_b2b_consultaoc.obtener.model.dao.OdbmsOrdenCompraSP_B2B_CONSULTAOCObtenerDAOBean - [[DEBUG]] -->  Thread ID: 129 - MensajeError: mensaje
DEBUG [ACTIVE] ExecuteThread: '47' for queue: 'weblogic.kernel.Default (self-tuning)' corp.sod.odbms.Ordencompra.sp_b2b_consultaoc.obtener.model.dao.OdbmsOrdenCompraSP_B2B_CONSULTAOCObtenerDAOBean - [[DEBUG]] -->  Thread ID: 129 - Finalizado cierre de conexion DAO
DEBUG [ACTIVE] ExecuteThread: '47' for queue: 'weblogic.kernel.Default (self-tuning)' corp.sod.odbms.Ordencompra.sp_b2b_consultaoc.obtener.model.dao.OdbmsOrdenCompraSP_B2B_CONSULTAOCObtenerDAOBean - [[DEBUG]] -->  Thread ID: 129 - Finalizada Ejecución de DAO
DEBUG [ACTIVE] ExecuteThread: '47' for queue: 'weblogic.kernel.Default (self-tuning)' corp.sod.odbms.Ordencompra.sp_b2b_consultaoc.obtener.model.ws.OdbmsOrdenCompraSPB2BCONSULTAOCObtenerPtImpl - [[DEBUG]] --> Finalizando Facade
DEBUG [ACTIVE] ExecuteThread: '4' for queue: 'weblogic.kernel.Default (self-tuning)' corp.sod.odbms.Ordencompra.sp_b2b_consultaoc.obtener.model.ws.OdbmsOrdenCompraSPB2BCONSULTAOCObtenerPtImpl - [[DEBUG]] --> Thread ID: 36 - Iniciando Facade
DEBUG [ACTIVE] ExecuteThread: '4' for queue: 'weblogic.kernel.Default (self-tuning)' corp.sod.odbms.Ordencompra.sp_b2b_consultaoc.obtener.model.dao.OdbmsOrdenCompraSP_B2B_CONSULTAOCObtenerDAOBean - [[DEBUG]] --> Thread ID: 36 - Iniciando DAO
DEBUG [ACTIVE] ExecuteThread: '4' for queue: 'weblogic.kernel.Default (self-tuning)' corp.sod.odbms.Ordencompra.sp_b2b_consultaoc.obtener.model.dao.OdbmsOrdenCompraSP_B2B_CONSULTAOCObtenerDAOBean - [[DEBUG]] --> Thread ID: 36 - RUTA DATASOURCE: corp.sod.odbms.Ordencompra.sp_b2b_consultaoc.obtener.sp.param.datasource.CL
DEBUG [ACTIVE] ExecuteThread: '4' for queue: 'weblogic.kernel.Default (self-tuning)' corp.sod.odbms.Ordencompra.sp_b2b_consultaoc.obtener.model.dao.OdbmsOrdenCompraSP_B2B_CONSULTAOCObtenerDAOBean - [[DEBUG]] --> Thread ID: 36 - DATASOURCE: DS/TPD_CL_RTL_DESA1
DEBUG [ACTIVE] ExecuteThread: '4' for queue: 'weblogic.kernel.Default (self-tuning)' corp.sod.odbms.Ordencompra.sp_b2b_consultaoc.obtener.model.dao.OdbmsOrdenCompraSP_B2B_CONSULTAOCObtenerDAOBean - [[DEBUG]] --> Thread ID: 36 - RUTA SP : corp.sod.odbms.Ordencompra.sp_b2b_consultaoc.obtener.sp.param.spname.CL
DEBUG [ACTIVE] ExecuteThread: '4' for queue: 'weblogic.kernel.Default (self-tuning)' corp.sod.odbms.Ordencompra.sp_b2b_consultaoc.obtener.model.dao.OdbmsOrdenCompraSP_B2B_CONSULTAOCObtenerDAOBean - [[DEBUG]] --> Thread ID: 36 - SP : {call SP_B2B_CONSULTAOC(?,?,?,?,?,?,?,?,?,?)}
DEBUG [ACTIVE] ExecuteThread: '4' for queue: 'weblogic.kernel.Default (self-tuning)' corp.sod.odbms.Ordencompra.sp_b2b_consultaoc.obtener.model.dao.OdbmsOrdenCompraSP_B2B_CONSULTAOCObtenerDAOBean - [[DEBUG]] --> Thread ID: 36 -  PARAMETROS ENTRADA SP
DEBUG [ACTIVE] ExecuteThread: '4' for queue: 'weblogic.kernel.Default (self-tuning)' corp.sod.odbms.Ordencompra.sp_b2b_consultaoc.obtener.model.dao.OdbmsOrdenCompraSP_B2B_CONSULTAOCObtenerDAOBean - [[DEBUG]] --> Thread ID: 36 -  PAIS: CL
DEBUG [ACTIVE] ExecuteThread: '4' for queue: 'weblogic.kernel.Default (self-tuning)' corp.sod.odbms.Ordencompra.sp_b2b_consultaoc.obtener.model.dao.OdbmsOrdenCompraSP_B2B_CONSULTAOCObtenerDAOBean - [[DEBUG]] --> Thread ID: 36 -  SUCURSAL: StringValue
DEBUG [ACTIVE] ExecuteThread: '4' for queue: 'weblogic.kernel.Default (self-tuning)' corp.sod.odbms.Ordencompra.sp_b2b_consultaoc.obtener.model.dao.OdbmsOrdenCompraSP_B2B_CONSULTAOCObtenerDAOBean - [[DEBUG]] --> Thread ID: 36 -  NUMEROOC: string
DEBUG [ACTIVE] ExecuteThread: '4' for queue: 'weblogic.kernel.Default (self-tuning)' corp.sod.odbms.Ordencompra.sp_b2b_consultaoc.obtener.model.dao.OdbmsOrdenCompraSP_B2B_CONSULTAOCObtenerDAOBean - [[DEBUG]] --> Thread ID: 36 -  IN_PROCESS_LOW: T
DEBUG [ACTIVE] ExecuteThread: '4' for queue: 'weblogic.kernel.Default (self-tuning)' corp.sod.odbms.Ordencompra.sp_b2b_consultaoc.obtener.model.dao.OdbmsOrdenCompraSP_B2B_CONSULTAOCObtenerDAOBean - [[DEBUG]] -->  Thread ID: 36 -  RESPUESTA BACKEND
DEBUG [ACTIVE] ExecuteThread: '4' for queue: 'weblogic.kernel.Default (self-tuning)' corp.sod.odbms.Ordencompra.sp_b2b_consultaoc.obtener.model.dao.OdbmsOrdenCompraSP_B2B_CONSULTAOCObtenerDAOBean - [[DEBUG]] -->  Thread ID: 36 -  RESPUESTA CONSULTA:
DEBUG [ACTIVE] ExecuteThread: '4' for queue: 'weblogic.kernel.Default (self-tuning)' corp.sod.odbms.Ordencompra.sp_b2b_consultaoc.obtener.model.dao.OdbmsOrdenCompraSP_B2B_CONSULTAOCObtenerDAOBean - [[DEBUG]] -->  Thread ID: 36 - Pais: response
DEBUG [ACTIVE] ExecuteThread: '4' for queue: 'weblogic.kernel.Default (self-tuning)' corp.sod.odbms.Ordencompra.sp_b2b_consultaoc.obtener.model.dao.OdbmsOrdenCompraSP_B2B_CONSULTAOCObtenerDAOBean - [[DEBUG]] -->  Thread ID: 36 - Sucursal: sucursal
DEBUG [ACTIVE] ExecuteThread: '4' for queue: 'weblogic.kernel.Default (self-tuning)' corp.sod.odbms.Ordencompra.sp_b2b_consultaoc.obtener.model.dao.OdbmsOrdenCompraSP_B2B_CONSULTAOCObtenerDAOBean - [[DEBUG]] -->  Thread ID: 36 - NumeroOC: 1
DEBUG [ACTIVE] ExecuteThread: '4' for queue: 'weblogic.kernel.Default (self-tuning)' corp.sod.odbms.Ordencompra.sp_b2b_consultaoc.obtener.model.dao.OdbmsOrdenCompraSP_B2B_CONSULTAOCObtenerDAOBean - [[DEBUG]] -->  Thread ID: 36 - NumeroOV: 1
DEBUG [ACTIVE] ExecuteThread: '4' for queue: 'weblogic.kernel.Default (self-tuning)' corp.sod.odbms.Ordencompra.sp_b2b_consultaoc.obtener.model.dao.OdbmsOrdenCompraSP_B2B_CONSULTAOCObtenerDAOBean - [[DEBUG]] -->  Thread ID: 36 - CodigoError: 0
DEBUG [ACTIVE] ExecuteThread: '4' for queue: 'weblogic.kernel.Default (self-tuning)' corp.sod.odbms.Ordencompra.sp_b2b_consultaoc.obtener.model.dao.OdbmsOrdenCompraSP_B2B_CONSULTAOCObtenerDAOBean - [[DEBUG]] -->  Thread ID: 36 - MensajeError: mensaje
DEBUG [ACTIVE] ExecuteThread: '4' for queue: 'weblogic.kernel.Default (self-tuning)' corp.sod.odbms.Ordencompra.sp_b2b_consultaoc.obtener.model.dao.OdbmsOrdenCompraSP_B2B_CONSULTAOCObtenerDAOBean - [[DEBUG]] -->  Thread ID: 36 - Finalizado cierre de conexion DAO
DEBUG [ACTIVE] ExecuteThread: '4' for queue: 'weblogic.kernel.Default (self-tuning)' corp.sod.odbms.Ordencompra.sp_b2b_consultaoc.obtener.model.dao.OdbmsOrdenCompraSP_B2B_CONSULTAOCObtenerDAOBean - [[DEBUG]] -->  Thread ID: 36 - Finalizada Ejecución de DAO
DEBUG [ACTIVE] ExecuteThread: '4' for queue: 'weblogic.kernel.Default (self-tuning)' corp.sod.odbms.Ordencompra.sp_b2b_consultaoc.obtener.model.ws.OdbmsOrdenCompraSPB2BCONSULTAOCObtenerPtImpl - [[DEBUG]] --> Finalizando Facade
INFO [ACTIVE] ExecuteThread: '26' for queue: 'weblogic.kernel.Default (self-tuning)' corp.sod.odbms.Ordencompra.sp_b2b_consultaoc.obtener.model.properties.Log4jLoadProperties - Carga archivo de propiedades Corp/AppProperties/SOD_CORP_Odbms_OrdenCompra_SP_B2B_CONSULTAOCObtener_v1_0_log4j.properties OK.
DEBUG [ACTIVE] ExecuteThread: '26' for queue: 'weblogic.kernel.Default (self-tuning)' corp.sod.odbms.Ordencompra.sp_b2b_consultaoc.obtener.model.ws.OdbmsOrdenCompraSPB2BCONSULTAOCObtenerPtImpl - [[DEBUG]] --> Thread ID: 108 - Iniciando Facade
DEBUG [ACTIVE] ExecuteThread: '26' for queue: 'weblogic.kernel.Default (self-tuning)' corp.sod.odbms.Ordencompra.sp_b2b_consultaoc.obtener.model.dao.OdbmsOrdenCompraSP_B2B_CONSULTAOCObtenerDAOBean - [[DEBUG]] --> Thread ID: 108 - Iniciando DAO
DEBUG [ACTIVE] ExecuteThread: '26' for queue: 'weblogic.kernel.Default (self-tuning)' corp.sod.odbms.Ordencompra.sp_b2b_consultaoc.obtener.model.dao.OdbmsOrdenCompraSP_B2B_CONSULTAOCObtenerDAOBean - [[DEBUG]] --> Thread ID: 108 - RUTA DATASOURCE: corp.sod.odbms.Ordencompra.sp_b2b_consultaoc.obtener.sp.param.datasource.CL
DEBUG [ACTIVE] ExecuteThread: '26' for queue: 'weblogic.kernel.Default (self-tuning)' corp.sod.odbms.Ordencompra.sp_b2b_consultaoc.obtener.model.dao.OdbmsOrdenCompraSP_B2B_CONSULTAOCObtenerDAOBean - [[DEBUG]] --> Thread ID: 108 - DATASOURCE: DS/TPD_CL_RTL_DESA1
DEBUG [ACTIVE] ExecuteThread: '26' for queue: 'weblogic.kernel.Default (self-tuning)' corp.sod.odbms.Ordencompra.sp_b2b_consultaoc.obtener.model.dao.OdbmsOrdenCompraSP_B2B_CONSULTAOCObtenerDAOBean - [[DEBUG]] --> Thread ID: 108 - RUTA SP : corp.sod.odbms.Ordencompra.sp_b2b_consultaoc.obtener.sp.param.spname.CL
DEBUG [ACTIVE] ExecuteThread: '26' for queue: 'weblogic.kernel.Default (self-tuning)' corp.sod.odbms.Ordencompra.sp_b2b_consultaoc.obtener.model.dao.OdbmsOrdenCompraSP_B2B_CONSULTAOCObtenerDAOBean - [[DEBUG]] --> Thread ID: 108 - SP : {call SP_B2B_CONSULTAOC(?,?,?,?,?,?,?,?,?,?)}
DEBUG [ACTIVE] ExecuteThread: '26' for queue: 'weblogic.kernel.Default (self-tuning)' corp.sod.odbms.Ordencompra.sp_b2b_consultaoc.obtener.model.dao.OdbmsOrdenCompraSP_B2B_CONSULTAOCObtenerDAOBean - [[DEBUG]] --> Thread ID: 108 -  PARAMETROS ENTRADA SP
DEBUG [ACTIVE] ExecuteThread: '26' for queue: 'weblogic.kernel.Default (self-tuning)' corp.sod.odbms.Ordencompra.sp_b2b_consultaoc.obtener.model.dao.OdbmsOrdenCompraSP_B2B_CONSULTAOCObtenerDAOBean - [[DEBUG]] --> Thread ID: 108 -  PAIS: CL
DEBUG [ACTIVE] ExecuteThread: '26' for queue: 'weblogic.kernel.Default (self-tuning)' corp.sod.odbms.Ordencompra.sp_b2b_consultaoc.obtener.model.dao.OdbmsOrdenCompraSP_B2B_CONSULTAOCObtenerDAOBean - [[DEBUG]] --> Thread ID: 108 -  SUCURSAL: StringValue
DEBUG [ACTIVE] ExecuteThread: '26' for queue: 'weblogic.kernel.Default (self-tuning)' corp.sod.odbms.Ordencompra.sp_b2b_consultaoc.obtener.model.dao.OdbmsOrdenCompraSP_B2B_CONSULTAOCObtenerDAOBean - [[DEBUG]] --> Thread ID: 108 -  NUMEROOC: string
DEBUG [ACTIVE] ExecuteThread: '26' for queue: 'weblogic.kernel.Default (self-tuning)' corp.sod.odbms.Ordencompra.sp_b2b_consultaoc.obtener.model.dao.OdbmsOrdenCompraSP_B2B_CONSULTAOCObtenerDAOBean - [[DEBUG]] --> Thread ID: 108 -  IN_PROCESS_LOW: T
DEBUG [ACTIVE] ExecuteThread: '26' for queue: 'weblogic.kernel.Default (self-tuning)' corp.sod.odbms.Ordencompra.sp_b2b_consultaoc.obtener.model.dao.OdbmsOrdenCompraSP_B2B_CONSULTAOCObtenerDAOBean - [[DEBUG]] -->  Thread ID: 108 -  RESPUESTA BACKEND
DEBUG [ACTIVE] ExecuteThread: '26' for queue: 'weblogic.kernel.Default (self-tuning)' corp.sod.odbms.Ordencompra.sp_b2b_consultaoc.obtener.model.dao.OdbmsOrdenCompraSP_B2B_CONSULTAOCObtenerDAOBean - [[DEBUG]] -->  Thread ID: 108 -  RESPUESTA CONSULTA:
DEBUG [ACTIVE] ExecuteThread: '26' for queue: 'weblogic.kernel.Default (self-tuning)' corp.sod.odbms.Ordencompra.sp_b2b_consultaoc.obtener.model.dao.OdbmsOrdenCompraSP_B2B_CONSULTAOCObtenerDAOBean - [[DEBUG]] -->  Thread ID: 108 - Pais: response
DEBUG [ACTIVE] ExecuteThread: '26' for queue: 'weblogic.kernel.Default (self-tuning)' corp.sod.odbms.Ordencompra.sp_b2b_consultaoc.obtener.model.dao.OdbmsOrdenCompraSP_B2B_CONSULTAOCObtenerDAOBean - [[DEBUG]] -->  Thread ID: 108 - Sucursal: sucursal
DEBUG [ACTIVE] ExecuteThread: '26' for queue: 'weblogic.kernel.Default (self-tuning)' corp.sod.odbms.Ordencompra.sp_b2b_consultaoc.obtener.model.dao.OdbmsOrdenCompraSP_B2B_CONSULTAOCObtenerDAOBean - [[DEBUG]] -->  Thread ID: 108 - NumeroOC: 1
DEBUG [ACTIVE] ExecuteThread: '26' for queue: 'weblogic.kernel.Default (self-tuning)' corp.sod.odbms.Ordencompra.sp_b2b_consultaoc.obtener.model.dao.OdbmsOrdenCompraSP_B2B_CONSULTAOCObtenerDAOBean - [[DEBUG]] -->  Thread ID: 108 - NumeroOV: 1
DEBUG [ACTIVE] ExecuteThread: '26' for queue: 'weblogic.kernel.Default (self-tuning)' corp.sod.odbms.Ordencompra.sp_b2b_consultaoc.obtener.model.dao.OdbmsOrdenCompraSP_B2B_CONSULTAOCObtenerDAOBean - [[DEBUG]] -->  Thread ID: 108 - CodigoError: 0
DEBUG [ACTIVE] ExecuteThread: '26' for queue: 'weblogic.kernel.Default (self-tuning)' corp.sod.odbms.Ordencompra.sp_b2b_consultaoc.obtener.model.dao.OdbmsOrdenCompraSP_B2B_CONSULTAOCObtenerDAOBean - [[DEBUG]] -->  Thread ID: 108 - MensajeError: mensaje
DEBUG [ACTIVE] ExecuteThread: '26' for queue: 'weblogic.kernel.Default (self-tuning)' corp.sod.odbms.Ordencompra.sp_b2b_consultaoc.obtener.model.dao.OdbmsOrdenCompraSP_B2B_CONSULTAOCObtenerDAOBean - [[DEBUG]] -->  Thread ID: 108 - Finalizado cierre de conexion DAO
DEBUG [ACTIVE] ExecuteThread: '26' for queue: 'weblogic.kernel.Default (self-tuning)' corp.sod.odbms.Ordencompra.sp_b2b_consultaoc.obtener.model.dao.OdbmsOrdenCompraSP_B2B_CONSULTAOCObtenerDAOBean - [[DEBUG]] -->  Thread ID: 108 - Finalizada Ejecución de DAO
DEBUG [ACTIVE] ExecuteThread: '26' for queue: 'weblogic.kernel.Default (self-tuning)' corp.sod.odbms.Ordencompra.sp_b2b_consultaoc.obtener.model.ws.OdbmsOrdenCompraSPB2BCONSULTAOCObtenerPtImpl - [[DEBUG]] --> Finalizando Facade
DEBUG [ACTIVE] ExecuteThread: '36' for queue: 'weblogic.kernel.Default (self-tuning)' corp.sod.odbms.Ordencompra.sp_b2b_consultaoc.obtener.model.ws.OdbmsOrdenCompraSPB2BCONSULTAOCObtenerPtImpl - [[DEBUG]] --> Thread ID: 118 - Iniciando Facade
DEBUG [ACTIVE] ExecuteThread: '36' for queue: 'weblogic.kernel.Default (self-tuning)' corp.sod.odbms.Ordencompra.sp_b2b_consultaoc.obtener.model.dao.OdbmsOrdenCompraSP_B2B_CONSULTAOCObtenerDAOBean - [[DEBUG]] --> Thread ID: 118 - Iniciando DAO
ERROR [ACTIVE] ExecuteThread: '36' for queue: 'weblogic.kernel.Default (self-tuning)' corp.sod.odbms.Ordencompra.sp_b2b_consultaoc.obtener.model.dao.OdbmsOrdenCompraSP_B2B_CONSULTAOCObtenerDAOBean - [[ERROR]] -->  Thread ID: 118 - Exception: Error en properties, verificar configuracion - corp.sod.odbms.Ordencompra.sp_b2b_consultaoc.obtener.sp.param.datasource.AR
DEBUG [ACTIVE] ExecuteThread: '36' for queue: 'weblogic.kernel.Default (self-tuning)' corp.sod.odbms.Ordencompra.sp_b2b_consultaoc.obtener.model.dao.OdbmsOrdenCompraSP_B2B_CONSULTAOCObtenerDAOBean - [[DEBUG]] -->  Thread ID: 118 - Finalizado cierre de conexion DAO
DEBUG [ACTIVE] ExecuteThread: '36' for queue: 'weblogic.kernel.Default (self-tuning)' corp.sod.odbms.Ordencompra.sp_b2b_consultaoc.obtener.model.dao.OdbmsOrdenCompraSP_B2B_CONSULTAOCObtenerDAOBean - [[DEBUG]] -->  Thread ID: 118 - Finalizada Ejecución de DAO
ERROR [ACTIVE] ExecuteThread: '36' for queue: 'weblogic.kernel.Default (self-tuning)' corp.sod.odbms.Ordencompra.sp_b2b_consultaoc.obtener.model.ws.OdbmsOrdenCompraSPB2BCONSULTAOCObtenerPtImpl - [[ERROR]] -->Error en properties, verificar configuracion - corp.sod.odbms.Ordencompra.sp_b2b_consultaoc.obtener.sp.param.datasource.AR
DEBUG [ACTIVE] ExecuteThread: '36' for queue: 'weblogic.kernel.Default (self-tuning)' corp.sod.odbms.Ordencompra.sp_b2b_consultaoc.obtener.model.ws.OdbmsOrdenCompraSPB2BCONSULTAOCObtenerPtImpl - [[DEBUG]] --> Finalizando Facade
DEBUG [ACTIVE] ExecuteThread: '45' for queue: 'weblogic.kernel.Default (self-tuning)' corp.sod.odbms.Ordencompra.sp_b2b_consultaoc.obtener.model.ws.OdbmsOrdenCompraSPB2BCONSULTAOCObtenerPtImpl - [[DEBUG]] --> Thread ID: 127 - Iniciando Facade
DEBUG [ACTIVE] ExecuteThread: '45' for queue: 'weblogic.kernel.Default (self-tuning)' corp.sod.odbms.Ordencompra.sp_b2b_consultaoc.obtener.model.dao.OdbmsOrdenCompraSP_B2B_CONSULTAOCObtenerDAOBean - [[DEBUG]] --> Thread ID: 127 - Iniciando DAO
DEBUG [ACTIVE] ExecuteThread: '45' for queue: 'weblogic.kernel.Default (self-tuning)' corp.sod.odbms.Ordencompra.sp_b2b_consultaoc.obtener.model.dao.OdbmsOrdenCompraSP_B2B_CONSULTAOCObtenerDAOBean - [[DEBUG]] --> Thread ID: 127 - RUTA DATASOURCE: corp.sod.odbms.Ordencompra.sp_b2b_consultaoc.obtener.sp.param.datasource.CL
DEBUG [ACTIVE] ExecuteThread: '45' for queue: 'weblogic.kernel.Default (self-tuning)' corp.sod.odbms.Ordencompra.sp_b2b_consultaoc.obtener.model.dao.OdbmsOrdenCompraSP_B2B_CONSULTAOCObtenerDAOBean - [[DEBUG]] --> Thread ID: 127 - DATASOURCE: DS/TPD_CL_RTL_DESA1
DEBUG [ACTIVE] ExecuteThread: '45' for queue: 'weblogic.kernel.Default (self-tuning)' corp.sod.odbms.Ordencompra.sp_b2b_consultaoc.obtener.model.dao.OdbmsOrdenCompraSP_B2B_CONSULTAOCObtenerDAOBean - [[DEBUG]] --> Thread ID: 127 - RUTA SP : corp.sod.odbms.Ordencompra.sp_b2b_consultaoc.obtener.sp.param.spname.CL
DEBUG [ACTIVE] ExecuteThread: '45' for queue: 'weblogic.kernel.Default (self-tuning)' corp.sod.odbms.Ordencompra.sp_b2b_consultaoc.obtener.model.dao.OdbmsOrdenCompraSP_B2B_CONSULTAOCObtenerDAOBean - [[DEBUG]] --> Thread ID: 127 - SP : {call SP_B2B_CONSULTAOC(?,?,?,?,?,?,?,?,?,?)}
DEBUG [ACTIVE] ExecuteThread: '45' for queue: 'weblogic.kernel.Default (self-tuning)' corp.sod.odbms.Ordencompra.sp_b2b_consultaoc.obtener.model.dao.OdbmsOrdenCompraSP_B2B_CONSULTAOCObtenerDAOBean - [[DEBUG]] --> Thread ID: 127 -  PARAMETROS ENTRADA SP
DEBUG [ACTIVE] ExecuteThread: '45' for queue: 'weblogic.kernel.Default (self-tuning)' corp.sod.odbms.Ordencompra.sp_b2b_consultaoc.obtener.model.dao.OdbmsOrdenCompraSP_B2B_CONSULTAOCObtenerDAOBean - [[DEBUG]] --> Thread ID: 127 -  PAIS: CL
DEBUG [ACTIVE] ExecuteThread: '45' for queue: 'weblogic.kernel.Default (self-tuning)' corp.sod.odbms.Ordencompra.sp_b2b_consultaoc.obtener.model.dao.OdbmsOrdenCompraSP_B2B_CONSULTAOCObtenerDAOBean - [[DEBUG]] --> Thread ID: 127 -  SUCURSAL: StringValue
DEBUG [ACTIVE] ExecuteThread: '45' for queue: 'weblogic.kernel.Default (self-tuning)' corp.sod.odbms.Ordencompra.sp_b2b_consultaoc.obtener.model.dao.OdbmsOrdenCompraSP_B2B_CONSULTAOCObtenerDAOBean - [[DEBUG]] --> Thread ID: 127 -  NUMEROOC: string
DEBUG [ACTIVE] ExecuteThread: '45' for queue: 'weblogic.kernel.Default (self-tuning)' corp.sod.odbms.Ordencompra.sp_b2b_consultaoc.obtener.model.dao.OdbmsOrdenCompraSP_B2B_CONSULTAOCObtenerDAOBean - [[DEBUG]] --> Thread ID: 127 -  IN_PROCESS_LOW: T
DEBUG [ACTIVE] ExecuteThread: '45' for queue: 'weblogic.kernel.Default (self-tuning)' corp.sod.odbms.Ordencompra.sp_b2b_consultaoc.obtener.model.dao.OdbmsOrdenCompraSP_B2B_CONSULTAOCObtenerDAOBean - [[DEBUG]] -->  Thread ID: 127 -  RESPUESTA BACKEND
DEBUG [ACTIVE] ExecuteThread: '45' for queue: 'weblogic.kernel.Default (self-tuning)' corp.sod.odbms.Ordencompra.sp_b2b_consultaoc.obtener.model.dao.OdbmsOrdenCompraSP_B2B_CONSULTAOCObtenerDAOBean - [[DEBUG]] -->  Thread ID: 127 -  RESPUESTA CONSULTA:
DEBUG [ACTIVE] ExecuteThread: '45' for queue: 'weblogic.kernel.Default (self-tuning)' corp.sod.odbms.Ordencompra.sp_b2b_consultaoc.obtener.model.dao.OdbmsOrdenCompraSP_B2B_CONSULTAOCObtenerDAOBean - [[DEBUG]] -->  Thread ID: 127 - Pais: response
DEBUG [ACTIVE] ExecuteThread: '45' for queue: 'weblogic.kernel.Default (self-tuning)' corp.sod.odbms.Ordencompra.sp_b2b_consultaoc.obtener.model.dao.OdbmsOrdenCompraSP_B2B_CONSULTAOCObtenerDAOBean - [[DEBUG]] -->  Thread ID: 127 - Sucursal: sucursal
DEBUG [ACTIVE] ExecuteThread: '45' for queue: 'weblogic.kernel.Default (self-tuning)' corp.sod.odbms.Ordencompra.sp_b2b_consultaoc.obtener.model.dao.OdbmsOrdenCompraSP_B2B_CONSULTAOCObtenerDAOBean - [[DEBUG]] -->  Thread ID: 127 - NumeroOC: 1
DEBUG [ACTIVE] ExecuteThread: '45' for queue: 'weblogic.kernel.Default (self-tuning)' corp.sod.odbms.Ordencompra.sp_b2b_consultaoc.obtener.model.dao.OdbmsOrdenCompraSP_B2B_CONSULTAOCObtenerDAOBean - [[DEBUG]] -->  Thread ID: 127 - NumeroOV: 1
DEBUG [ACTIVE] ExecuteThread: '45' for queue: 'weblogic.kernel.Default (self-tuning)' corp.sod.odbms.Ordencompra.sp_b2b_consultaoc.obtener.model.dao.OdbmsOrdenCompraSP_B2B_CONSULTAOCObtenerDAOBean - [[DEBUG]] -->  Thread ID: 127 - CodigoError: 1
DEBUG [ACTIVE] ExecuteThread: '45' for queue: 'weblogic.kernel.Default (self-tuning)' corp.sod.odbms.Ordencompra.sp_b2b_consultaoc.obtener.model.dao.OdbmsOrdenCompraSP_B2B_CONSULTAOCObtenerDAOBean - [[DEBUG]] -->  Thread ID: 127 - MensajeError: mensaje
DEBUG [ACTIVE] ExecuteThread: '45' for queue: 'weblogic.kernel.Default (self-tuning)' corp.sod.odbms.Ordencompra.sp_b2b_consultaoc.obtener.model.dao.OdbmsOrdenCompraSP_B2B_CONSULTAOCObtenerDAOBean - [[DEBUG]] -->  Thread ID: 127 - Finalizado cierre de conexion DAO
DEBUG [ACTIVE] ExecuteThread: '45' for queue: 'weblogic.kernel.Default (self-tuning)' corp.sod.odbms.Ordencompra.sp_b2b_consultaoc.obtener.model.dao.OdbmsOrdenCompraSP_B2B_CONSULTAOCObtenerDAOBean - [[DEBUG]] -->  Thread ID: 127 - Finalizada Ejecución de DAO
DEBUG [ACTIVE] ExecuteThread: '45' for queue: 'weblogic.kernel.Default (self-tuning)' corp.sod.odbms.Ordencompra.sp_b2b_consultaoc.obtener.model.ws.OdbmsOrdenCompraSPB2BCONSULTAOCObtenerPtImpl - [[DEBUG]] --> Finalizando Facade
DEBUG [ACTIVE] ExecuteThread: '4' for queue: 'weblogic.kernel.Default (self-tuning)' corp.sod.odbms.Ordencompra.sp_b2b_consultaoc.obtener.model.ws.OdbmsOrdenCompraSPB2BCONSULTAOCObtenerPtImpl - [[DEBUG]] --> Thread ID: 35 - Iniciando Facade
DEBUG [ACTIVE] ExecuteThread: '4' for queue: 'weblogic.kernel.Default (self-tuning)' corp.sod.odbms.Ordencompra.sp_b2b_consultaoc.obtener.model.dao.OdbmsOrdenCompraSP_B2B_CONSULTAOCObtenerDAOBean - [[DEBUG]] --> Thread ID: 35 - Iniciando DAO
DEBUG [ACTIVE] ExecuteThread: '4' for queue: 'weblogic.kernel.Default (self-tuning)' corp.sod.odbms.Ordencompra.sp_b2b_consultaoc.obtener.model.dao.OdbmsOrdenCompraSP_B2B_CONSULTAOCObtenerDAOBean - [[DEBUG]] --> Thread ID: 35 - RUTA DATASOURCE: corp.sod.odbms.Ordencompra.sp_b2b_consultaoc.obtener.sp.param.datasource.CL
DEBUG [ACTIVE] ExecuteThread: '4' for queue: 'weblogic.kernel.Default (self-tuning)' corp.sod.odbms.Ordencompra.sp_b2b_consultaoc.obtener.model.dao.OdbmsOrdenCompraSP_B2B_CONSULTAOCObtenerDAOBean - [[DEBUG]] --> Thread ID: 35 - DATASOURCE: DS/TPD_CL_RTL_DESA1
DEBUG [ACTIVE] ExecuteThread: '4' for queue: 'weblogic.kernel.Default (self-tuning)' corp.sod.odbms.Ordencompra.sp_b2b_consultaoc.obtener.model.dao.OdbmsOrdenCompraSP_B2B_CONSULTAOCObtenerDAOBean - [[DEBUG]] --> Thread ID: 35 - RUTA SP : corp.sod.odbms.Ordencompra.sp_b2b_consultaoc.obtener.sp.param.spname.CL
DEBUG [ACTIVE] ExecuteThread: '4' for queue: 'weblogic.kernel.Default (self-tuning)' corp.sod.odbms.Ordencompra.sp_b2b_consultaoc.obtener.model.dao.OdbmsOrdenCompraSP_B2B_CONSULTAOCObtenerDAOBean - [[DEBUG]] --> Thread ID: 35 - SP : {call SP_B2B_CONSULTAOC(?,?,?,?,?,?,?,?,?,?)}
DEBUG [ACTIVE] ExecuteThread: '4' for queue: 'weblogic.kernel.Default (self-tuning)' corp.sod.odbms.Ordencompra.sp_b2b_consultaoc.obtener.model.dao.OdbmsOrdenCompraSP_B2B_CONSULTAOCObtenerDAOBean - [[DEBUG]] --> Thread ID: 35 -  PARAMETROS ENTRADA SP
DEBUG [ACTIVE] ExecuteThread: '4' for queue: 'weblogic.kernel.Default (self-tuning)' corp.sod.odbms.Ordencompra.sp_b2b_consultaoc.obtener.model.dao.OdbmsOrdenCompraSP_B2B_CONSULTAOCObtenerDAOBean - [[DEBUG]] --> Thread ID: 35 -  PAIS: CL
DEBUG [ACTIVE] ExecuteThread: '4' for queue: 'weblogic.kernel.Default (self-tuning)' corp.sod.odbms.Ordencompra.sp_b2b_consultaoc.obtener.model.dao.OdbmsOrdenCompraSP_B2B_CONSULTAOCObtenerDAOBean - [[DEBUG]] --> Thread ID: 35 -  SUCURSAL: StringValue
DEBUG [ACTIVE] ExecuteThread: '4' for queue: 'weblogic.kernel.Default (self-tuning)' corp.sod.odbms.Ordencompra.sp_b2b_consultaoc.obtener.model.dao.OdbmsOrdenCompraSP_B2B_CONSULTAOCObtenerDAOBean - [[DEBUG]] --> Thread ID: 35 -  NUMEROOC: string
DEBUG [ACTIVE] ExecuteThread: '4' for queue: 'weblogic.kernel.Default (self-tuning)' corp.sod.odbms.Ordencompra.sp_b2b_consultaoc.obtener.model.dao.OdbmsOrdenCompraSP_B2B_CONSULTAOCObtenerDAOBean - [[DEBUG]] --> Thread ID: 35 -  IN_PROCESS_LOW: T
DEBUG [ACTIVE] ExecuteThread: '4' for queue: 'weblogic.kernel.Default (self-tuning)' corp.sod.odbms.Ordencompra.sp_b2b_consultaoc.obtener.model.dao.OdbmsOrdenCompraSP_B2B_CONSULTAOCObtenerDAOBean - [[DEBUG]] -->  Thread ID: 35 -  RESPUESTA BACKEND
DEBUG [ACTIVE] ExecuteThread: '4' for queue: 'weblogic.kernel.Default (self-tuning)' corp.sod.odbms.Ordencompra.sp_b2b_consultaoc.obtener.model.dao.OdbmsOrdenCompraSP_B2B_CONSULTAOCObtenerDAOBean - [[DEBUG]] -->  Thread ID: 35 -  RESPUESTA CONSULTA:
DEBUG [ACTIVE] ExecuteThread: '4' for queue: 'weblogic.kernel.Default (self-tuning)' corp.sod.odbms.Ordencompra.sp_b2b_consultaoc.obtener.model.dao.OdbmsOrdenCompraSP_B2B_CONSULTAOCObtenerDAOBean - [[DEBUG]] -->  Thread ID: 35 - Pais: response
DEBUG [ACTIVE] ExecuteThread: '4' for queue: 'weblogic.kernel.Default (self-tuning)' corp.sod.odbms.Ordencompra.sp_b2b_consultaoc.obtener.model.dao.OdbmsOrdenCompraSP_B2B_CONSULTAOCObtenerDAOBean - [[DEBUG]] -->  Thread ID: 35 - Sucursal: sucursal
DEBUG [ACTIVE] ExecuteThread: '4' for queue: 'weblogic.kernel.Default (self-tuning)' corp.sod.odbms.Ordencompra.sp_b2b_consultaoc.obtener.model.dao.OdbmsOrdenCompraSP_B2B_CONSULTAOCObtenerDAOBean - [[DEBUG]] -->  Thread ID: 35 - NumeroOC: 1
DEBUG [ACTIVE] ExecuteThread: '4' for queue: 'weblogic.kernel.Default (self-tuning)' corp.sod.odbms.Ordencompra.sp_b2b_consultaoc.obtener.model.dao.OdbmsOrdenCompraSP_B2B_CONSULTAOCObtenerDAOBean - [[DEBUG]] -->  Thread ID: 35 - NumeroOV: 1
DEBUG [ACTIVE] ExecuteThread: '4' for queue: 'weblogic.kernel.Default (self-tuning)' corp.sod.odbms.Ordencompra.sp_b2b_consultaoc.obtener.model.dao.OdbmsOrdenCompraSP_B2B_CONSULTAOCObtenerDAOBean - [[DEBUG]] -->  Thread ID: 35 - CodigoError: 1
DEBUG [ACTIVE] ExecuteThread: '4' for queue: 'weblogic.kernel.Default (self-tuning)' corp.sod.odbms.Ordencompra.sp_b2b_consultaoc.obtener.model.dao.OdbmsOrdenCompraSP_B2B_CONSULTAOCObtenerDAOBean - [[DEBUG]] -->  Thread ID: 35 - MensajeError: mensaje
DEBUG [ACTIVE] ExecuteThread: '4' for queue: 'weblogic.kernel.Default (self-tuning)' corp.sod.odbms.Ordencompra.sp_b2b_consultaoc.obtener.model.dao.OdbmsOrdenCompraSP_B2B_CONSULTAOCObtenerDAOBean - [[DEBUG]] -->  Thread ID: 35 - Finalizado cierre de conexion DAO
DEBUG [ACTIVE] ExecuteThread: '4' for queue: 'weblogic.kernel.Default (self-tuning)' corp.sod.odbms.Ordencompra.sp_b2b_consultaoc.obtener.model.dao.OdbmsOrdenCompraSP_B2B_CONSULTAOCObtenerDAOBean - [[DEBUG]] -->  Thread ID: 35 - Finalizada Ejecución de DAO
DEBUG [ACTIVE] ExecuteThread: '4' for queue: 'weblogic.kernel.Default (self-tuning)' corp.sod.odbms.Ordencompra.sp_b2b_consultaoc.obtener.model.ws.OdbmsOrdenCompraSPB2BCONSULTAOCObtenerPtImpl - [[DEBUG]] --> Finalizando Facade
INFO [ACTIVE] ExecuteThread: '47' for queue: 'weblogic.kernel.Default (self-tuning)' corp.sod.odbms.Ordencompra.sp_b2b_consultaoc.obtener.model.properties.Log4jLoadProperties - Carga archivo de propiedades Corp/AppProperties/SOD_CORP_Odbms_OrdenCompra_SP_B2B_CONSULTAOCObtener_v1_0_log4j.properties OK.
DEBUG [ACTIVE] ExecuteThread: '47' for queue: 'weblogic.kernel.Default (self-tuning)' corp.sod.odbms.Ordencompra.sp_b2b_consultaoc.obtener.model.ws.OdbmsOrdenCompraSPB2BCONSULTAOCObtenerPtImpl - [[DEBUG]] --> Thread ID: 129 - Iniciando Facade
DEBUG [ACTIVE] ExecuteThread: '47' for queue: 'weblogic.kernel.Default (self-tuning)' corp.sod.odbms.Ordencompra.sp_b2b_consultaoc.obtener.model.dao.OdbmsOrdenCompraSP_B2B_CONSULTAOCObtenerDAOBean - [[DEBUG]] --> Thread ID: 129 - Iniciando DAO
DEBUG [ACTIVE] ExecuteThread: '47' for queue: 'weblogic.kernel.Default (self-tuning)' corp.sod.odbms.Ordencompra.sp_b2b_consultaoc.obtener.model.dao.OdbmsOrdenCompraSP_B2B_CONSULTAOCObtenerDAOBean - [[DEBUG]] --> Thread ID: 129 - RUTA DATASOURCE: corp.sod.odbms.Ordencompra.sp_b2b_consultaoc.obtener.sp.param.datasource.CL
DEBUG [ACTIVE] ExecuteThread: '47' for queue: 'weblogic.kernel.Default (self-tuning)' corp.sod.odbms.Ordencompra.sp_b2b_consultaoc.obtener.model.dao.OdbmsOrdenCompraSP_B2B_CONSULTAOCObtenerDAOBean - [[DEBUG]] --> Thread ID: 129 - DATASOURCE: DS/TPD_CL_RTL_DESA1
DEBUG [ACTIVE] ExecuteThread: '47' for queue: 'weblogic.kernel.Default (self-tuning)' corp.sod.odbms.Ordencompra.sp_b2b_consultaoc.obtener.model.dao.OdbmsOrdenCompraSP_B2B_CONSULTAOCObtenerDAOBean - [[DEBUG]] --> Thread ID: 129 - RUTA SP : corp.sod.odbms.Ordencompra.sp_b2b_consultaoc.obtener.sp.param.spname.CL
DEBUG [ACTIVE] ExecuteThread: '47' for queue: 'weblogic.kernel.Default (self-tuning)' corp.sod.odbms.Ordencompra.sp_b2b_consultaoc.obtener.model.dao.OdbmsOrdenCompraSP_B2B_CONSULTAOCObtenerDAOBean - [[DEBUG]] --> Thread ID: 129 - SP : {call SP_B2B_CONSULTAOC(?,?,?,?,?,?,?,?,?,?)}
ERROR [ACTIVE] ExecuteThread: '47' for queue: 'weblogic.kernel.Default (self-tuning)' corp.sod.odbms.Ordencompra.sp_b2b_consultaoc.obtener.model.dao.OdbmsOrdenCompraSP_B2B_CONSULTAOCObtenerDAOBean - [[ERROR]] -->  Thread ID: 129 - Exception: Error de conexion
DEBUG [ACTIVE] ExecuteThread: '47' for queue: 'weblogic.kernel.Default (self-tuning)' corp.sod.odbms.Ordencompra.sp_b2b_consultaoc.obtener.model.dao.OdbmsOrdenCompraSP_B2B_CONSULTAOCObtenerDAOBean - [[DEBUG]] -->  Thread ID: 129 - Finalizado cierre de conexion DAO
DEBUG [ACTIVE] ExecuteThread: '47' for queue: 'weblogic.kernel.Default (self-tuning)' corp.sod.odbms.Ordencompra.sp_b2b_consultaoc.obtener.model.dao.OdbmsOrdenCompraSP_B2B_CONSULTAOCObtenerDAOBean - [[DEBUG]] -->  Thread ID: 129 - Finalizada Ejecución de DAO
ERROR [ACTIVE] ExecuteThread: '47' for queue: 'weblogic.kernel.Default (self-tuning)' corp.sod.odbms.Ordencompra.sp_b2b_consultaoc.obtener.model.ws.OdbmsOrdenCompraSPB2BCONSULTAOCObtenerPtImpl - [[ERROR]] -->Error de conexion
DEBUG [ACTIVE] ExecuteThread: '47' for queue: 'weblogic.kernel.Default (self-tuning)' corp.sod.odbms.Ordencompra.sp_b2b_consultaoc.obtener.model.ws.OdbmsOrdenCompraSPB2BCONSULTAOCObtenerPtImpl - [[DEBUG]] --> Finalizando Facade
DEBUG [ACTIVE] ExecuteThread: '27' for queue: 'weblogic.kernel.Default (self-tuning)' corp.sod.odbms.Ordencompra.sp_b2b_consultaoc.obtener.model.ws.OdbmsOrdenCompraSPB2BCONSULTAOCObtenerPtImpl - [[DEBUG]] --> Thread ID: 109 - Iniciando Facade
DEBUG [ACTIVE] ExecuteThread: '27' for queue: 'weblogic.kernel.Default (self-tuning)' corp.sod.odbms.Ordencompra.sp_b2b_consultaoc.obtener.model.dao.OdbmsOrdenCompraSP_B2B_CONSULTAOCObtenerDAOBean - [[DEBUG]] --> Thread ID: 109 - Iniciando DAO
DEBUG [ACTIVE] ExecuteThread: '27' for queue: 'weblogic.kernel.Default (self-tuning)' corp.sod.odbms.Ordencompra.sp_b2b_consultaoc.obtener.model.dao.OdbmsOrdenCompraSP_B2B_CONSULTAOCObtenerDAOBean - [[DEBUG]] --> Thread ID: 109 - RUTA DATASOURCE: corp.sod.odbms.Ordencompra.sp_b2b_consultaoc.obtener.sp.param.datasource.CL
DEBUG [ACTIVE] ExecuteThread: '27' for queue: 'weblogic.kernel.Default (self-tuning)' corp.sod.odbms.Ordencompra.sp_b2b_consultaoc.obtener.model.dao.OdbmsOrdenCompraSP_B2B_CONSULTAOCObtenerDAOBean - [[DEBUG]] --> Thread ID: 109 - DATASOURCE: DS/TPD_CL_RTL_DESA1
DEBUG [ACTIVE] ExecuteThread: '27' for queue: 'weblogic.kernel.Default (self-tuning)' corp.sod.odbms.Ordencompra.sp_b2b_consultaoc.obtener.model.dao.OdbmsOrdenCompraSP_B2B_CONSULTAOCObtenerDAOBean - [[DEBUG]] --> Thread ID: 109 - RUTA SP : corp.sod.odbms.Ordencompra.sp_b2b_consultaoc.obtener.sp.param.spname.CL
DEBUG [ACTIVE] ExecuteThread: '27' for queue: 'weblogic.kernel.Default (self-tuning)' corp.sod.odbms.Ordencompra.sp_b2b_consultaoc.obtener.model.dao.OdbmsOrdenCompraSP_B2B_CONSULTAOCObtenerDAOBean - [[DEBUG]] --> Thread ID: 109 - SP : {call SP_B2B_CONSULTAOC(?,?,?,?,?,?,?,?,?,?)}
DEBUG [ACTIVE] ExecuteThread: '27' for queue: 'weblogic.kernel.Default (self-tuning)' corp.sod.odbms.Ordencompra.sp_b2b_consultaoc.obtener.model.dao.OdbmsOrdenCompraSP_B2B_CONSULTAOCObtenerDAOBean - [[DEBUG]] --> Thread ID: 109 -  PARAMETROS ENTRADA SP
DEBUG [ACTIVE] ExecuteThread: '27' for queue: 'weblogic.kernel.Default (self-tuning)' corp.sod.odbms.Ordencompra.sp_b2b_consultaoc.obtener.model.dao.OdbmsOrdenCompraSP_B2B_CONSULTAOCObtenerDAOBean - [[DEBUG]] --> Thread ID: 109 -  PAIS: CL
DEBUG [ACTIVE] ExecuteThread: '27' for queue: 'weblogic.kernel.Default (self-tuning)' corp.sod.odbms.Ordencompra.sp_b2b_consultaoc.obtener.model.dao.OdbmsOrdenCompraSP_B2B_CONSULTAOCObtenerDAOBean - [[DEBUG]] --> Thread ID: 109 -  SUCURSAL: StringValue
DEBUG [ACTIVE] ExecuteThread: '27' for queue: 'weblogic.kernel.Default (self-tuning)' corp.sod.odbms.Ordencompra.sp_b2b_consultaoc.obtener.model.dao.OdbmsOrdenCompraSP_B2B_CONSULTAOCObtenerDAOBean - [[DEBUG]] --> Thread ID: 109 -  NUMEROOC: StringValue
DEBUG [ACTIVE] ExecuteThread: '27' for queue: 'weblogic.kernel.Default (self-tuning)' corp.sod.odbms.Ordencompra.sp_b2b_consultaoc.obtener.model.dao.OdbmsOrdenCompraSP_B2B_CONSULTAOCObtenerDAOBean - [[DEBUG]] --> Thread ID: 109 -  IN_PROCESS_LOW: T
DEBUG [ACTIVE] ExecuteThread: '27' for queue: 'weblogic.kernel.Default (self-tuning)' corp.sod.odbms.Ordencompra.sp_b2b_consultaoc.obtener.model.dao.OdbmsOrdenCompraSP_B2B_CONSULTAOCObtenerDAOBean - [[DEBUG]] -->  Thread ID: 109 -  RESPUESTA BACKEND
DEBUG [ACTIVE] ExecuteThread: '27' for queue: 'weblogic.kernel.Default (self-tuning)' corp.sod.odbms.Ordencompra.sp_b2b_consultaoc.obtener.model.dao.OdbmsOrdenCompraSP_B2B_CONSULTAOCObtenerDAOBean - [[DEBUG]] -->  Thread ID: 109 -  RESPUESTA CONSULTA:
DEBUG [ACTIVE] ExecuteThread: '27' for queue: 'weblogic.kernel.Default (self-tuning)' corp.sod.odbms.Ordencompra.sp_b2b_consultaoc.obtener.model.dao.OdbmsOrdenCompraSP_B2B_CONSULTAOCObtenerDAOBean - [[DEBUG]] -->  Thread ID: 109 - Pais: response
DEBUG [ACTIVE] ExecuteThread: '27' for queue: 'weblogic.kernel.Default (self-tuning)' corp.sod.odbms.Ordencompra.sp_b2b_consultaoc.obtener.model.dao.OdbmsOrdenCompraSP_B2B_CONSULTAOCObtenerDAOBean - [[DEBUG]] -->  Thread ID: 109 - Sucursal: sucursal
DEBUG [ACTIVE] ExecuteThread: '27' for queue: 'weblogic.kernel.Default (self-tuning)' corp.sod.odbms.Ordencompra.sp_b2b_consultaoc.obtener.model.dao.OdbmsOrdenCompraSP_B2B_CONSULTAOCObtenerDAOBean - [[DEBUG]] -->  Thread ID: 109 - NumeroOC: 1
DEBUG [ACTIVE] ExecuteThread: '27' for queue: 'weblogic.kernel.Default (self-tuning)' corp.sod.odbms.Ordencompra.sp_b2b_consultaoc.obtener.model.dao.OdbmsOrdenCompraSP_B2B_CONSULTAOCObtenerDAOBean - [[DEBUG]] -->  Thread ID: 109 - NumeroOV: 1
DEBUG [ACTIVE] ExecuteThread: '27' for queue: 'weblogic.kernel.Default (self-tuning)' corp.sod.odbms.Ordencompra.sp_b2b_consultaoc.obtener.model.dao.OdbmsOrdenCompraSP_B2B_CONSULTAOCObtenerDAOBean - [[DEBUG]] -->  Thread ID: 109 - CodigoError: 1
DEBUG [ACTIVE] ExecuteThread: '27' for queue: 'weblogic.kernel.Default (self-tuning)' corp.sod.odbms.Ordencompra.sp_b2b_consultaoc.obtener.model.dao.OdbmsOrdenCompraSP_B2B_CONSULTAOCObtenerDAOBean - [[DEBUG]] -->  Thread ID: 109 - MensajeError: mensaje
DEBUG [ACTIVE] ExecuteThread: '27' for queue: 'weblogic.kernel.Default (self-tuning)' corp.sod.odbms.Ordencompra.sp_b2b_consultaoc.obtener.model.dao.OdbmsOrdenCompraSP_B2B_CONSULTAOCObtenerDAOBean - [[DEBUG]] -->  Thread ID: 109 - Finalizado cierre de conexion DAO
DEBUG [ACTIVE] ExecuteThread: '27' for queue: 'weblogic.kernel.Default (self-tuning)' corp.sod.odbms.Ordencompra.sp_b2b_consultaoc.obtener.model.dao.OdbmsOrdenCompraSP_B2B_CONSULTAOCObtenerDAOBean - [[DEBUG]] -->  Thread ID: 109 - Finalizada Ejecución de DAO
DEBUG [ACTIVE] ExecuteThread: '27' for queue: 'weblogic.kernel.Default (self-tuning)' corp.sod.odbms.Ordencompra.sp_b2b_consultaoc.obtener.model.ws.OdbmsOrdenCompraSPB2BCONSULTAOCObtenerPtImpl - [[DEBUG]] --> Finalizando Facade
DEBUG [ACTIVE] ExecuteThread: '30' for queue: 'weblogic.kernel.Default (self-tuning)' corp.sod.odbms.Ordencompra.sp_b2b_consultaoc.obtener.model.ws.OdbmsOrdenCompraSPB2BCONSULTAOCObtenerPtImpl - [[DEBUG]] --> Thread ID: 112 - Iniciando Facade
DEBUG [ACTIVE] ExecuteThread: '30' for queue: 'weblogic.kernel.Default (self-tuning)' corp.sod.odbms.Ordencompra.sp_b2b_consultaoc.obtener.model.dao.OdbmsOrdenCompraSP_B2B_CONSULTAOCObtenerDAOBean - [[DEBUG]] --> Thread ID: 112 - Iniciando DAO
DEBUG [ACTIVE] ExecuteThread: '30' for queue: 'weblogic.kernel.Default (self-tuning)' corp.sod.odbms.Ordencompra.sp_b2b_consultaoc.obtener.model.dao.OdbmsOrdenCompraSP_B2B_CONSULTAOCObtenerDAOBean - [[DEBUG]] --> Thread ID: 112 - RUTA DATASOURCE: corp.sod.odbms.Ordencompra.sp_b2b_consultaoc.obtener.sp.param.datasource.CL
DEBUG [ACTIVE] ExecuteThread: '30' for queue: 'weblogic.kernel.Default (self-tuning)' corp.sod.odbms.Ordencompra.sp_b2b_consultaoc.obtener.model.dao.OdbmsOrdenCompraSP_B2B_CONSULTAOCObtenerDAOBean - [[DEBUG]] --> Thread ID: 112 - DATASOURCE: DS/TPD_CL_RTL_DESA1
DEBUG [ACTIVE] ExecuteThread: '30' for queue: 'weblogic.kernel.Default (self-tuning)' corp.sod.odbms.Ordencompra.sp_b2b_consultaoc.obtener.model.dao.OdbmsOrdenCompraSP_B2B_CONSULTAOCObtenerDAOBean - [[DEBUG]] --> Thread ID: 112 - RUTA SP : corp.sod.odbms.Ordencompra.sp_b2b_consultaoc.obtener.sp.param.spname.CL
DEBUG [ACTIVE] ExecuteThread: '30' for queue: 'weblogic.kernel.Default (self-tuning)' corp.sod.odbms.Ordencompra.sp_b2b_consultaoc.obtener.model.dao.OdbmsOrdenCompraSP_B2B_CONSULTAOCObtenerDAOBean - [[DEBUG]] --> Thread ID: 112 - SP : {call SP_B2B_CONSULTAOC(?,?,?,?,?,?,?,?,?,?)}
DEBUG [ACTIVE] ExecuteThread: '30' for queue: 'weblogic.kernel.Default (self-tuning)' corp.sod.odbms.Ordencompra.sp_b2b_consultaoc.obtener.model.dao.OdbmsOrdenCompraSP_B2B_CONSULTAOCObtenerDAOBean - [[DEBUG]] --> Thread ID: 112 -  PARAMETROS ENTRADA SP
DEBUG [ACTIVE] ExecuteThread: '30' for queue: 'weblogic.kernel.Default (self-tuning)' corp.sod.odbms.Ordencompra.sp_b2b_consultaoc.obtener.model.dao.OdbmsOrdenCompraSP_B2B_CONSULTAOCObtenerDAOBean - [[DEBUG]] --> Thread ID: 112 -  PAIS: CL
DEBUG [ACTIVE] ExecuteThread: '30' for queue: 'weblogic.kernel.Default (self-tuning)' corp.sod.odbms.Ordencompra.sp_b2b_consultaoc.obtener.model.dao.OdbmsOrdenCompraSP_B2B_CONSULTAOCObtenerDAOBean - [[DEBUG]] --> Thread ID: 112 -  SUCURSAL: StringValue
DEBUG [ACTIVE] ExecuteThread: '30' for queue: 'weblogic.kernel.Default (self-tuning)' corp.sod.odbms.Ordencompra.sp_b2b_consultaoc.obtener.model.dao.OdbmsOrdenCompraSP_B2B_CONSULTAOCObtenerDAOBean - [[DEBUG]] --> Thread ID: 112 -  NUMEROOC: string
DEBUG [ACTIVE] ExecuteThread: '30' for queue: 'weblogic.kernel.Default (self-tuning)' corp.sod.odbms.Ordencompra.sp_b2b_consultaoc.obtener.model.dao.OdbmsOrdenCompraSP_B2B_CONSULTAOCObtenerDAOBean - [[DEBUG]] --> Thread ID: 112 -  IN_PROCESS_LOW: T
DEBUG [ACTIVE] ExecuteThread: '30' for queue: 'weblogic.kernel.Default (self-tuning)' corp.sod.odbms.Ordencompra.sp_b2b_consultaoc.obtener.model.dao.OdbmsOrdenCompraSP_B2B_CONSULTAOCObtenerDAOBean - [[DEBUG]] -->  Thread ID: 112 -  RESPUESTA BACKEND
DEBUG [ACTIVE] ExecuteThread: '30' for queue: 'weblogic.kernel.Default (self-tuning)' corp.sod.odbms.Ordencompra.sp_b2b_consultaoc.obtener.model.dao.OdbmsOrdenCompraSP_B2B_CONSULTAOCObtenerDAOBean - [[DEBUG]] -->  Thread ID: 112 -  RESPUESTA CONSULTA:
DEBUG [ACTIVE] ExecuteThread: '30' for queue: 'weblogic.kernel.Default (self-tuning)' corp.sod.odbms.Ordencompra.sp_b2b_consultaoc.obtener.model.dao.OdbmsOrdenCompraSP_B2B_CONSULTAOCObtenerDAOBean - [[DEBUG]] -->  Thread ID: 112 - Pais: response
DEBUG [ACTIVE] ExecuteThread: '30' for queue: 'weblogic.kernel.Default (self-tuning)' corp.sod.odbms.Ordencompra.sp_b2b_consultaoc.obtener.model.dao.OdbmsOrdenCompraSP_B2B_CONSULTAOCObtenerDAOBean - [[DEBUG]] -->  Thread ID: 112 - Sucursal: sucursal
DEBUG [ACTIVE] ExecuteThread: '30' for queue: 'weblogic.kernel.Default (self-tuning)' corp.sod.odbms.Ordencompra.sp_b2b_consultaoc.obtener.model.dao.OdbmsOrdenCompraSP_B2B_CONSULTAOCObtenerDAOBean - [[DEBUG]] -->  Thread ID: 112 - NumeroOC: 1
DEBUG [ACTIVE] ExecuteThread: '30' for queue: 'weblogic.kernel.Default (self-tuning)' corp.sod.odbms.Ordencompra.sp_b2b_consultaoc.obtener.model.dao.OdbmsOrdenCompraSP_B2B_CONSULTAOCObtenerDAOBean - [[DEBUG]] -->  Thread ID: 112 - NumeroOV: 1
DEBUG [ACTIVE] ExecuteThread: '30' for queue: 'weblogic.kernel.Default (self-tuning)' corp.sod.odbms.Ordencompra.sp_b2b_consultaoc.obtener.model.dao.OdbmsOrdenCompraSP_B2B_CONSULTAOCObtenerDAOBean - [[DEBUG]] -->  Thread ID: 112 - CodigoError: 1
DEBUG [ACTIVE] ExecuteThread: '30' for queue: 'weblogic.kernel.Default (self-tuning)' corp.sod.odbms.Ordencompra.sp_b2b_consultaoc.obtener.model.dao.OdbmsOrdenCompraSP_B2B_CONSULTAOCObtenerDAOBean - [[DEBUG]] -->  Thread ID: 112 - MensajeError: mensaje
DEBUG [ACTIVE] ExecuteThread: '30' for queue: 'weblogic.kernel.Default (self-tuning)' corp.sod.odbms.Ordencompra.sp_b2b_consultaoc.obtener.model.dao.OdbmsOrdenCompraSP_B2B_CONSULTAOCObtenerDAOBean - [[DEBUG]] -->  Thread ID: 112 - Finalizado cierre de conexion DAO
DEBUG [ACTIVE] ExecuteThread: '30' for queue: 'weblogic.kernel.Default (self-tuning)' corp.sod.odbms.Ordencompra.sp_b2b_consultaoc.obtener.model.dao.OdbmsOrdenCompraSP_B2B_CONSULTAOCObtenerDAOBean - [[DEBUG]] -->  Thread ID: 112 - Finalizada Ejecución de DAO
DEBUG [ACTIVE] ExecuteThread: '30' for queue: 'weblogic.kernel.Default (self-tuning)' corp.sod.odbms.Ordencompra.sp_b2b_consultaoc.obtener.model.ws.OdbmsOrdenCompraSPB2BCONSULTAOCObtenerPtImpl - [[DEBUG]] --> Finalizando Facade
DEBUG [ACTIVE] ExecuteThread: '30' for queue: 'weblogic.kernel.Default (self-tuning)' corp.sod.odbms.Ordencompra.sp_b2b_consultaoc.obtener.model.ws.OdbmsOrdenCompraSPB2BCONSULTAOCObtenerPtImpl - [[DEBUG]] --> Thread ID: 112 - Iniciando Facade
DEBUG [ACTIVE] ExecuteThread: '30' for queue: 'weblogic.kernel.Default (self-tuning)' corp.sod.odbms.Ordencompra.sp_b2b_consultaoc.obtener.model.dao.OdbmsOrdenCompraSP_B2B_CONSULTAOCObtenerDAOBean - [[DEBUG]] --> Thread ID: 112 - Iniciando DAO
DEBUG [ACTIVE] ExecuteThread: '30' for queue: 'weblogic.kernel.Default (self-tuning)' corp.sod.odbms.Ordencompra.sp_b2b_consultaoc.obtener.model.dao.OdbmsOrdenCompraSP_B2B_CONSULTAOCObtenerDAOBean - [[DEBUG]] --> Thread ID: 112 - RUTA DATASOURCE: corp.sod.odbms.Ordencompra.sp_b2b_consultaoc.obtener.sp.param.datasource.CL
DEBUG [ACTIVE] ExecuteThread: '30' for queue: 'weblogic.kernel.Default (self-tuning)' corp.sod.odbms.Ordencompra.sp_b2b_consultaoc.obtener.model.dao.OdbmsOrdenCompraSP_B2B_CONSULTAOCObtenerDAOBean - [[DEBUG]] --> Thread ID: 112 - DATASOURCE: DS/TPD_CL_RTL_DESA1
DEBUG [ACTIVE] ExecuteThread: '30' for queue: 'weblogic.kernel.Default (self-tuning)' corp.sod.odbms.Ordencompra.sp_b2b_consultaoc.obtener.model.dao.OdbmsOrdenCompraSP_B2B_CONSULTAOCObtenerDAOBean - [[DEBUG]] --> Thread ID: 112 - RUTA SP : corp.sod.odbms.Ordencompra.sp_b2b_consultaoc.obtener.sp.param.spname.CL
DEBUG [ACTIVE] ExecuteThread: '30' for queue: 'weblogic.kernel.Default (self-tuning)' corp.sod.odbms.Ordencompra.sp_b2b_consultaoc.obtener.model.dao.OdbmsOrdenCompraSP_B2B_CONSULTAOCObtenerDAOBean - [[DEBUG]] --> Thread ID: 112 - SP : {call SP_B2B_CONSULTAOC(?,?,?,?,?,?,?,?,?,?)}
ERROR [ACTIVE] ExecuteThread: '30' for queue: 'weblogic.kernel.Default (self-tuning)' corp.sod.odbms.Ordencompra.sp_b2b_consultaoc.obtener.model.dao.OdbmsOrdenCompraSP_B2B_CONSULTAOCObtenerDAOBean - [[ERROR]] -->  Thread ID: 112 - Exception: Error de conexion
DEBUG [ACTIVE] ExecuteThread: '30' for queue: 'weblogic.kernel.Default (self-tuning)' corp.sod.odbms.Ordencompra.sp_b2b_consultaoc.obtener.model.dao.OdbmsOrdenCompraSP_B2B_CONSULTAOCObtenerDAOBean - [[DEBUG]] -->  Thread ID: 112 - Finalizado cierre de conexion DAO
DEBUG [ACTIVE] ExecuteThread: '30' for queue: 'weblogic.kernel.Default (self-tuning)' corp.sod.odbms.Ordencompra.sp_b2b_consultaoc.obtener.model.dao.OdbmsOrdenCompraSP_B2B_CONSULTAOCObtenerDAOBean - [[DEBUG]] -->  Thread ID: 112 - Finalizada Ejecución de DAO
ERROR [ACTIVE] ExecuteThread: '30' for queue: 'weblogic.kernel.Default (self-tuning)' corp.sod.odbms.Ordencompra.sp_b2b_consultaoc.obtener.model.ws.OdbmsOrdenCompraSPB2BCONSULTAOCObtenerPtImpl - [[ERROR]] -->Error de conexion
DEBUG [ACTIVE] ExecuteThread: '30' for queue: 'weblogic.kernel.Default (self-tuning)' corp.sod.odbms.Ordencompra.sp_b2b_consultaoc.obtener.model.ws.OdbmsOrdenCompraSPB2BCONSULTAOCObtenerPtImpl - [[DEBUG]] --> Finalizando Facade
INFO [ACTIVE] ExecuteThread: '15' for queue: 'weblogic.kernel.Default (self-tuning)' corp.sod.odbms.Ordencompra.sp_b2b_consultaoc.obtener.model.properties.Log4jLoadProperties - Carga archivo de propiedades Corp/AppProperties/SOD_CORP_Odbms_OrdenCompra_SP_B2B_CONSULTAOCObtener_v1_0_log4j.properties OK.
DEBUG [ACTIVE] ExecuteThread: '15' for queue: 'weblogic.kernel.Default (self-tuning)' corp.sod.odbms.Ordencompra.sp_b2b_consultaoc.obtener.model.ws.OdbmsOrdenCompraSPB2BCONSULTAOCObtenerPtImpl - [[DEBUG]] --> Thread ID: 93 - Iniciando Facade
DEBUG [ACTIVE] ExecuteThread: '15' for queue: 'weblogic.kernel.Default (self-tuning)' corp.sod.odbms.Ordencompra.sp_b2b_consultaoc.obtener.model.dao.OdbmsOrdenCompraSP_B2B_CONSULTAOCObtenerDAOBean - [[DEBUG]] --> Thread ID: 93 - Iniciando DAO
ERROR [ACTIVE] ExecuteThread: '15' for queue: 'weblogic.kernel.Default (self-tuning)' corp.sod.odbms.Ordencompra.sp_b2b_consultaoc.obtener.model.dao.OdbmsOrdenCompraSP_B2B_CONSULTAOCObtenerDAOBean - [[ERROR]] -->  Thread ID: 93 - Exception: Error en properties, verificar configuracion - corp.sod.odbms.Ordencompra.sp_b2b_consultaoc.obtener.sp.param.datasource.AR
DEBUG [ACTIVE] ExecuteThread: '15' for queue: 'weblogic.kernel.Default (self-tuning)' corp.sod.odbms.Ordencompra.sp_b2b_consultaoc.obtener.model.dao.OdbmsOrdenCompraSP_B2B_CONSULTAOCObtenerDAOBean - [[DEBUG]] -->  Thread ID: 93 - Finalizado cierre de conexion DAO
DEBUG [ACTIVE] ExecuteThread: '15' for queue: 'weblogic.kernel.Default (self-tuning)' corp.sod.odbms.Ordencompra.sp_b2b_consultaoc.obtener.model.dao.OdbmsOrdenCompraSP_B2B_CONSULTAOCObtenerDAOBean - [[DEBUG]] -->  Thread ID: 93 - Finalizada Ejecución de DAO
ERROR [ACTIVE] ExecuteThread: '15' for queue: 'weblogic.kernel.Default (self-tuning)' corp.sod.odbms.Ordencompra.sp_b2b_consultaoc.obtener.model.ws.OdbmsOrdenCompraSPB2BCONSULTAOCObtenerPtImpl - [[ERROR]] -->Error en properties, verificar configuracion - corp.sod.odbms.Ordencompra.sp_b2b_consultaoc.obtener.sp.param.datasource.AR
DEBUG [ACTIVE] ExecuteThread: '15' for queue: 'weblogic.kernel.Default (self-tuning)' corp.sod.odbms.Ordencompra.sp_b2b_consultaoc.obtener.model.ws.OdbmsOrdenCompraSPB2BCONSULTAOCObtenerPtImpl - [[DEBUG]] --> Finalizando Facade
